-------------------------------------------------------------------------------
Test set: TestSuite
-------------------------------------------------------------------------------
Tests run: 4, Failures: 1, Errors: 0, Skipped: 0, Time elapsed: 1.938 s <<< FAILURE! - in TestSuite
add(org.TestNgTest.NewTest)  Time elapsed: 0.001 s  <<< FAILURE!
java.lang.Error: 
Unresolved compilation problem: 
	String literal is not properly closed by a double-quote

	at org.TestNgTest.NewTest.add(NewTest.java:13)

